<?xml version="1.0" encoding="UTF-8"?>
<robot generator="Robot 7.2.2 (Python 3.13.3 on win32)" generated="2025-05-26T16:06:27.370946" rpa="false" schemaversion="5">
<suite id="s1" name="Test Suites" source="E:\Investor\test_suites">
<suite id="s1-s1" name="Full Cycle Gherkin" source="E:\Investor\test_suites\Full_Cycle_Gherkin.robot">
<test id="s1-s1-t1" name="Scenario: Verify that Full Cycle of Product Buy in Krishop is Successfully" line="15">
<kw name="Open app" owner="AppSetup">
<kw name="Open Application" owner="AppiumLibrary">
<arg>${REMOTE_URL}</arg>
<arg>platformName=${PLATFORM_NAME}</arg>
<arg>platformVersion=${PLATFORM_VERSION}</arg>
<arg>deviceName=${DEVICE_NAME}</arg>
<arg>app=${APP}</arg>
<arg>newCommandTimeout=${NEW_COMMAND_TIMEOUT}</arg>
<arg>uiautomator2ServerLaunchTimeout=${SERVER_LAUNCH_TIMEOUT}</arg>
<arg>uiautomator2ServerInstallTimeout=${SERVER_INSTALL_TIMEOUT}</arg>
<arg>appPackage=${APP_PACKAGE}</arg>
<arg>appActivity=${APP_ACTIVITY}</arg>
<doc>Opens a new application to given Appium server.
Capabilities of appium server, Android and iOS,
Please check https://appium.io/docs/en/2.1/cli/args/
| *Option*            | *Man.* | *Description*     |
| remote_url          | Yes    | Appium server url |
| alias               | no     | alias             |
| strict_ssl          | No     | allows you to send commands to an invalid certificate host like a self-signed one. |</doc>
<status status="PASS" start="2025-05-26T16:06:27.545733" elapsed="19.900806"/>
</kw>
<status status="PASS" start="2025-05-26T16:06:27.545318" elapsed="19.901554"/>
</kw>
<kw name="Click on Login Icon" owner="Full_Cycle_StepDefinations">
<kw name="Wait Until Element Is Visible" owner="AppiumLibrary">
<msg time="2025-05-26T16:06:54.105544" level="INFO">xpath criteria: //android.widget.ImageView[contains(@content-desc, "Login")]
xpath criteria: //android.widget.ImageView[contains(@content-desc, "Login")]
xpath criteria: //android.widget.ImageView[contains(@content-desc, "Login")]</msg>
<arg>${Login_Icon}</arg>
<doc>Waits until element specified with `locator` is visible.</doc>
<status status="PASS" start="2025-05-26T16:06:47.448442" elapsed="6.657284"/>
</kw>
<kw name="Click Element" owner="AppiumLibrary">
<msg time="2025-05-26T16:06:54.108563" level="INFO">Clicking element 'xpath=//android.widget.ImageView[contains(@content-desc, "Login")]'.</msg>
<msg time="2025-05-26T16:06:57.905647" level="INFO">xpath criteria: //android.widget.ImageView[contains(@content-desc, "Login")]</msg>
<arg>${Login_Icon}</arg>
<doc>Click element identified by `locator`.</doc>
<status status="PASS" start="2025-05-26T16:06:54.106036" elapsed="3.799766"/>
</kw>
<status status="PASS" start="2025-05-26T16:06:47.447805" elapsed="10.458167"/>
</kw>
<kw name="Click on Email Input Section" owner="Full_Cycle_StepDefinations">
<kw name="Wait Until Element Is Visible" owner="AppiumLibrary">
<msg time="2025-05-26T16:06:58.141235" level="INFO">xpath criteria: (//android.widget.EditText)[1]</msg>
<arg>${Email}</arg>
<doc>Waits until element specified with `locator` is visible.</doc>
<status status="PASS" start="2025-05-26T16:06:57.907665" elapsed="0.233666"/>
</kw>
<kw name="Click Element" owner="AppiumLibrary">
<msg time="2025-05-26T16:06:58.143091" level="INFO">Clicking element 'xpath=(//android.widget.EditText)[1]'.</msg>
<msg time="2025-05-26T16:06:58.395041" level="INFO">xpath criteria: (//android.widget.EditText)[1]</msg>
<arg>${Email}</arg>
<doc>Click element identified by `locator`.</doc>
<status status="PASS" start="2025-05-26T16:06:58.141506" elapsed="0.253630"/>
</kw>
<kw name="Input Text" owner="AppiumLibrary">
<msg time="2025-05-26T16:06:58.396825" level="INFO">Typing text 'qa@ifarmer.asia' into text field 'xpath=(//android.widget.EditText)[1]'</msg>
<msg time="2025-05-26T16:07:00.154027" level="INFO">xpath criteria: (//android.widget.EditText)[1]</msg>
<arg>${Email}</arg>
<arg>${Input_Email}</arg>
<doc>Types the given `text` into text field identified by `locator`.</doc>
<status status="PASS" start="2025-05-26T16:06:58.395310" elapsed="1.758811"/>
</kw>
<status status="PASS" start="2025-05-26T16:06:57.907000" elapsed="2.247220"/>
</kw>
<kw name="Click on Password Input Section" owner="Full_Cycle_StepDefinations">
<kw name="Wait Until Element Is Visible" owner="AppiumLibrary">
<msg time="2025-05-26T16:07:00.861001" level="INFO">xpath criteria: (//android.widget.EditText)[2]</msg>
<arg>${Password}</arg>
<doc>Waits until element specified with `locator` is visible.</doc>
<status status="PASS" start="2025-05-26T16:07:00.155307" elapsed="0.705830"/>
</kw>
<kw name="Click Element" owner="AppiumLibrary">
<msg time="2025-05-26T16:07:00.863266" level="INFO">Clicking element 'xpath=(//android.widget.EditText)[2]'.</msg>
<msg time="2025-05-26T16:07:01.108138" level="INFO">xpath criteria: (//android.widget.EditText)[2]</msg>
<arg>${Password}</arg>
<doc>Click element identified by `locator`.</doc>
<status status="PASS" start="2025-05-26T16:07:00.861391" elapsed="0.246854"/>
</kw>
<kw name="Input Text" owner="AppiumLibrary">
<msg time="2025-05-26T16:07:01.110253" level="INFO">Typing text '789654' into text field 'xpath=(//android.widget.EditText)[2]'</msg>
<msg time="2025-05-26T16:07:02.105580" level="INFO">xpath criteria: (//android.widget.EditText)[2]</msg>
<arg>${Password}</arg>
<arg>${Input_Password}</arg>
<doc>Types the given `text` into text field identified by `locator`.</doc>
<status status="PASS" start="2025-05-26T16:07:01.108441" elapsed="0.997319"/>
</kw>
<status status="PASS" start="2025-05-26T16:07:00.154951" elapsed="1.950994"/>
</kw>
<kw name="Click on Login" owner="Full_Cycle_StepDefinations">
<kw name="Wait Until Element Is Visible" owner="AppiumLibrary">
<msg time="2025-05-26T16:07:03.174048" level="INFO">xpath criteria: (//android.view.View[@content-desc="Login"])[2]</msg>
<arg>${Login}</arg>
<doc>Waits until element specified with `locator` is visible.</doc>
<status status="PASS" start="2025-05-26T16:07:02.107521" elapsed="1.066630"/>
</kw>
<kw name="Click Element" owner="AppiumLibrary">
<msg time="2025-05-26T16:07:03.176000" level="INFO">Clicking element 'xpath=(//android.view.View[@content-desc="Login"])[2]'.</msg>
<msg time="2025-05-26T16:07:03.481854" level="INFO">xpath criteria: (//android.view.View[@content-desc="Login"])[2]</msg>
<arg>${Login}</arg>
<doc>Click element identified by `locator`.</doc>
<status status="PASS" start="2025-05-26T16:07:03.174340" elapsed="0.307620"/>
</kw>
<kw name="Sleep" owner="BuiltIn">
<msg time="2025-05-26T16:07:18.483041" level="INFO">Slept 15 seconds.</msg>
<arg>15s</arg>
<doc>Pauses the test executed for the given time.</doc>
<status status="PASS" start="2025-05-26T16:07:03.482150" elapsed="15.001048"/>
</kw>
<status status="PASS" start="2025-05-26T16:07:02.106906" elapsed="16.376421"/>
</kw>
<kw name="Close app" owner="AppSetup">
<kw name="Close Application" owner="AppiumLibrary">
<doc>Closes the current application and also close webdriver session.</doc>
<status status="PASS" start="2025-05-26T16:07:18.484935" elapsed="0.622748"/>
</kw>
<status status="PASS" start="2025-05-26T16:07:18.484332" elapsed="0.623453"/>
</kw>
<tag>fullcycle</tag>
<status status="PASS" start="2025-05-26T16:06:27.544757" elapsed="51.563562"/>
</test>
<doc>Full Cycle Module Test Case for Kri-Shop App</doc>
<status status="PASS" start="2025-05-26T16:06:27.392420" elapsed="51.717275"/>
</suite>
<status status="PASS" start="2025-05-26T16:06:27.372040" elapsed="51.739049"/>
</suite>
<statistics>
<total>
<stat pass="1" fail="0" skip="0">All Tests</stat>
</total>
<tag>
<stat pass="1" fail="0" skip="0">fullcycle</stat>
</tag>
<suite>
<stat name="Test Suites" id="s1" pass="1" fail="0" skip="0">Test Suites</stat>
<stat name="Full Cycle Gherkin" id="s1-s1" pass="1" fail="0" skip="0">Test Suites.Full Cycle Gherkin</stat>
</suite>
</statistics>
<errors>
</errors>
</robot>
